<?xml version="1.0" encoding="UTF-8"?>
<!-- Generated by org.testng.reporters.JUnitReportReporter -->
<testsuite hostname="DESKTOP-QGO3QAP" failures="0" tests="6" name="com.workmarketseleniumchallenge.registerPageTests.RegisterTest" time="12.818" errors="0" timestamp="02 May 2019 04:29:31 GMT" skipped="0">
  <testcase classname="com.workmarketseleniumchallenge.registerPageTests.RegisterTest" name="registerAsIndividualWithMissingFields" time="1.005"/>
  <testcase classname="com.workmarketseleniumchallenge.registerPageTests.RegisterTest" name="registerAsIndividualWithUsedEmail" time="3.876"/>
  <testcase classname="com.workmarketseleniumchallenge.registerPageTests.RegisterTest" name="registerAsIndividualWithInvalidEmail" time="1.141"/>
  <testcase classname="com.workmarketseleniumchallenge.registerPageTests.RegisterTest" name="registerAsIndividualWithoutAgreeingToLicense" time="1.049"/>
  <testcase classname="com.workmarketseleniumchallenge.registerPageTests.RegisterTest" name="registerAsIndividualWithInvalidPassword" time="1.099"/>
  <testcase classname="com.workmarketseleniumchallenge.registerPageTests.RegisterTest" name="registerAsIndividualSuccessfully" time="4.648"/>
</testsuite> <!-- com.workmarketseleniumchallenge.registerPageTests.RegisterTest -->
