<?xml version="1.0" encoding="UTF-8"?>
<!-- Generated by org.testng.reporters.JUnitReportReporter -->
<testsuite hostname="DESKTOP-QGO3QAP" failures="0" tests="1" name="com.workmerketseleniumchallenge.findTalentPageTests.SearchTest" time="9.372" errors="0" timestamp="02 May 2019 04:29:31 GMT" skipped="0">
  <testcase classname="com.workmerketseleniumchallenge.findTalentPageTests.SearchTest" name="returnedSearchResultsContainsSearchKeyword" time="9.372"/>
</testsuite> <!-- com.workmerketseleniumchallenge.findTalentPageTests.SearchTest -->
