<?xml version="1.0" encoding="UTF-8"?>
<!-- Generated by org.testng.reporters.JUnitReportReporter -->
<testsuite hostname="DESKTOP-QGO3QAP" failures="0" tests="1" name="test.TestNgBasic" time="0.003" errors="0" timestamp="01 May 2019 01:18:40 GMT" skipped="0">
  <testcase classname="test.TestNgBasic" name="googleTitleTest" time="0.003"/>
</testsuite> <!-- test.TestNgBasic -->
