<?xml version="1.0" encoding="UTF-8"?>
<!-- Generated by org.testng.reporters.JUnitReportReporter -->
<testsuite hostname="DESKTOP-QGO3QAP" failures="0" tests="1" name="test.GoogleTest" time="4.637" errors="0" timestamp="01 May 2019 01:36:19 GMT" skipped="0">
  <testcase classname="test.GoogleTest" name="googleTitleTest" time="4.637"/>
</testsuite> <!-- test.GoogleTest -->
